\BOOKMARK [0][-]{section*.2}{Revisjoner}{}% 1
\BOOKMARK [0][-]{section*.5}{Innhold}{}% 2
\BOOKMARK [0][-]{section*.6}{Contents of the project description}{}% 3
\BOOKMARK [0][-]{section*.7}{Introduction \(1-2 pages\)}{}% 4
\BOOKMARK [1][-]{section.2.1}{Topic covered by the project}{section*.7}% 5
\BOOKMARK [1][-]{section.2.2}{Keywords}{section*.7}% 6
\BOOKMARK [1][-]{section.2.3}{Problem description}{section*.7}% 7
\BOOKMARK [1][-]{section.2.4}{Justification, motivation and benefits}{section*.7}% 8
\BOOKMARK [1][-]{section.2.5}{Research questions}{section*.7}% 9
\BOOKMARK [1][-]{section.2.6}{Planned contributions}{section*.7}% 10
\BOOKMARK [0][-]{section*.14}{Related work \(3-10 pages\)}{}% 11
\BOOKMARK [1][-]{section.3.1}{Handling Potential problems}{section*.14}% 12
\BOOKMARK [0][-]{section*.22}{Choice of methods \(2-5 pages\)}{}% 13
\BOOKMARK [0][-]{section*.23}{Milestones, deliverables and resources \(2-5 pages\)}{}% 14
\BOOKMARK [0][-]{section*.24}{Feasibility study \(1/2-3 pages\)}{}% 15
\BOOKMARK [0][-]{section*.25}{Risk analysis \(1/2-2 pages\)}{}% 16
\BOOKMARK [0][-]{section*.26}{Ethical and legal considerations \(1/4-1 page\)}{}% 17
\BOOKMARK [0][-]{section*.27}{The bibliography}{}% 18
\BOOKMARK [0][-]{section*.28}{Known problems with MikTeX and TeXnicCenter}{}% 19
\BOOKMARK [1][-]{section.A.1}{Hig logo xor url's}{section*.28}% 20
\BOOKMARK [1][-]{section.A.2}{LaTeX/AFPL Ghostscript crashes}{section*.28}% 21
\BOOKMARK [0][-]{section*.35}{Bibliografi}{}% 22
